[2022-03-25T12:41:14+00:00][error]  Login by vikas@cedcoss.com. Password is Wrong
[2022-03-25T12:41:19+00:00][error]  Login by vikass@cedcoss.com. User not Exists
[2022-03-25T12:42:31+00:00][error]  Login by vikass@cedcoss.com. User not Exists
[2022-03-25T12:42:33+00:00][error]  Login by vikass@cedcoss.com. User not Exists
[2022-03-25T12:42:33+00:00][error]  Login by vikass@cedcoss.com. User not Exists
[2022-03-25T12:42:34+00:00][error]  Login by vikass@cedcoss.com. User not Exists
[2022-03-25T12:42:34+00:00][error]  Login by vikass@cedcoss.com. User not Exists
[2022-03-25T12:42:34+00:00][error]  Login by vikass@cedcoss.com. User not Exists
[2022-03-25T12:42:34+00:00][error]  Login by vikass@cedcoss.com. User not Exists
[2022-03-25T12:42:35+00:00][error]  Login by vikass@cedcoss.com. User not Exists
[2022-03-25T12:42:37+00:00][error]  Login by vikas@cedcoss.com. Password is Wrong
[2022-03-25T12:42:37+00:00][info]  Login by vikas@cedcoss.com. User not Exists
[2022-03-25T13:05:26+00:00][error]  Login by . User not Exists
[2022-03-25T13:05:28+00:00][error]  Login by . User not Exists
[2022-03-25T13:05:52+00:00][error]  Login by . User not Exists
[2022-03-25T13:05:54+00:00][error]  Login by . User not Exists
[2022-03-25T13:06:32+00:00][error]  Login by . User not Exists
[2022-03-25T13:06:57+00:00][error]  Login by . User not Exists
[2022-03-25T13:07:15+00:00][error]  Login by . User not Exists
[2022-03-25T13:07:16+00:00][error]  Login by . User not Exists
[2022-03-25T13:07:27+00:00][error]  Login by . User not Exists
[2022-03-25T13:07:37+00:00][error]  Login by . User not Exists
[2022-03-25T13:07:41+00:00][error]  Login by . User not Exists
[2022-03-25T13:07:42+00:00][error]  Login by . User not Exists
[2022-03-25T13:07:42+00:00][error]  Login by . User not Exists
[2022-03-25T13:07:42+00:00][error]  Login by . User not Exists
[2022-03-25T13:07:43+00:00][error]  Login by . User not Exists
[2022-03-25T13:07:43+00:00][error]  Login by . User not Exists
[2022-03-25T13:07:43+00:00][error]  Login by . User not Exists
[2022-03-25T13:07:43+00:00][error]  Login by . User not Exists
[2022-03-25T13:07:43+00:00][error]  Login by . User not Exists
[2022-03-25T13:07:43+00:00][error]  Login by . User not Exists
[2022-03-25T13:09:10+00:00][error]  Login by . User not Exists
[2022-03-25T13:09:11+00:00][error]  Login by . User not Exists
[2022-03-25T13:09:11+00:00][error]  Login by . User not Exists
[2022-03-25T13:09:11+00:00][error]  Login by . User not Exists
[2022-03-25T13:09:11+00:00][error]  Login by . User not Exists
[2022-03-25T13:09:12+00:00][error]  Login by . User not Exists
[2022-03-25T13:09:27+00:00][error]  Login by . User not Exists
[2022-03-25T13:09:31+00:00][error]  Login by . User not Exists
[2022-03-25T13:09:31+00:00][error]  Login by . User not Exists
[2022-03-25T13:09:31+00:00][error]  Login by . User not Exists
[2022-03-25T13:09:31+00:00][error]  Login by . User not Exists
[2022-03-25T13:09:32+00:00][error]  Login by . User not Exists
[2022-03-25T13:09:32+00:00][error]  Login by . User not Exists
[2022-03-25T13:09:32+00:00][error]  Login by . User not Exists
[2022-03-25T13:09:32+00:00][error]  Login by . User not Exists
[2022-03-25T13:09:32+00:00][error]  Login by . User not Exists
[2022-03-25T13:10:19+00:00][error]  Login by . User not Exists
[2022-03-25T13:10:23+00:00][error]  Login by . User not Exists
[2022-03-25T13:11:12+00:00][error]  Login by vikas@cedcoss.com. Password is Wrong
[2022-03-25T13:11:12+00:00][info]  Login by vikas@cedcoss.com. User Loggin Successfully
[2022-03-25T13:11:19+00:00][error]  Login by vikas@cedcoss.com. Password is Wrong
[2022-03-25T13:11:19+00:00][info]  Login by vikas@cedcoss.com. User Loggin Successfully
[2022-03-25T13:18:10+00:00][error]  Login by . User not Exists
[2022-03-25T13:18:31+00:00][error]  Login by vikas@cedcoss.com&lt;h1&gt;. User not Exists
[2022-03-25T13:24:10+00:00][error]  Login by . User not Exists
[2022-03-25T13:30:55+00:00][info]  Signup by . Array
[2022-03-25T13:30:57+00:00][error]  Login by . User not Exists
[2022-03-25T13:31:39+00:00][error]  Login by . User not Exists
[2022-03-25T13:32:35+00:00][error]  Login by . User not Exists
[2022-03-25T13:33:03+00:00][error]  Login by . User not Exists
[2022-03-25T13:33:40+00:00][error]  Login by . User not Exists
